<?xml version="1.0" encoding="UTF-8"?>
<!-- Generated by org.testng.reporters.JUnitReportReporter -->
<testsuite skipped="1" hostname="LAPTOP-EIUAFK9U" name="demo.Dummy2" tests="1" failures="0" timestamp="2021-05-12T11:56:15 IST" time="0.000" errors="0">
  <testcase name="testJSONpara" time="0.000" classname="demo.Dummy2">
    <skipped/>
  </testcase> <!-- testJSONpara -->
  <system-out/>
</testsuite> <!-- demo.Dummy2 -->
